2019-12-26 06:44:03, Info                         [windeploy.exe] ------------------------------------------------
2019-12-26 06:44:03, Info                         [windeploy.exe] WinDeploy.exe launched with command-line []...
2019-12-26 06:44:03, Info                         [windeploy.exe] LogBootDeviceInfo:The firmware boot device ARC path is [multi(0)disk(0)rdisk(1)partition(2)] and NT path is [\Device\Harddisk0\Partition2].
2019-12-26 06:44:03, Info                         [windeploy.exe] LogBootDeviceInfo:The system boot device ARC path is [multi(0)disk(0)rdisk(1)partition(4)] and NT path is [\Device\Harddisk0\Partition4].
2019-12-26 06:44:03, Info                         [windeploy.exe] Waiting for essential OOBE services to start.
2019-12-26 06:44:03, Info                         [windeploy.exe] Essential OOBE services started successfully.
2019-12-26 06:44:03, Info                         [windeploy.exe] Windeploy: Executing PreSysprep commands
2019-12-26 06:44:03, Info                         [windeploy.exe] FbeExecuteExtensions: Processing callbacks in additive mode
2019-12-26 06:44:03, Info                         [windeploy.exe] FbeExecuteExtensions: Processed 0 extensions
2019-12-26 06:44:03, Info                         [windeploy.exe] Found generalization state [0x4], setup.exe completion flag [False] --> launching setup.exe.
2019-12-26 06:44:03, Info                         [windeploy.exe] Windeploy: Running default setup.
2019-12-26 06:44:03, Info                         [windeploy.exe] Launching [C:\Windows\system32\oobe\setup.exe]...
2019-12-26 06:44:19, Info                         [svchost.exe] Enter WinReIsWimBootEnabled
2019-12-26 06:44:19, Info                         [svchost.exe] Parameters: pszWinDir: NULL
2019-12-26 06:44:19, Info                         [svchost.exe] Exit WinReIsWimBootEnabled returns 0 with last error: 0x0
2019-12-26 06:48:35, Info                         [windeploy.exe] Process exited with exit code [0x0]
2019-12-26 06:48:35, Info                         [windeploy.exe] Windeploy: Executing PostSysprep commands
2019-12-26 06:48:35, Info                         [windeploy.exe] FbeExecuteExtensions: Processing callbacks in additive mode
2019-12-26 06:48:35, Info                         [windeploy.exe] FbeExecuteExtensions: Processed 0 extensions
2019-12-26 06:48:40, Info                         [windeploy.exe] OrchestrateAreOnlyOOBEServicesRunning: Found a non-OOBE service AudioEndpointBuilder
2019-12-26 06:48:40, Info                         [windeploy.exe] OrchestrateDetermineComputerNameChange: Checking computer name change conditions:
2019-12-26 06:48:40, Info                         [windeploy.exe]   Did Setup change computer name? TRUE
2019-12-26 06:48:40, Info                         [windeploy.exe]   Could OOBE change computer name? TRUE
2019-12-26 06:48:40, Info                         [windeploy.exe] OrchestrateShouldShutdownAfterSetup: Checking reboot conditions:
2019-12-26 06:48:40, Info                         [windeploy.exe]   Are only OOBE services running? FALSE
2019-12-26 06:48:40, Info                         [windeploy.exe]   Is there a computer name change? TRUE
2019-12-26 06:48:40, Info                         [windeploy.exe]   Was Winlogon reboot requested? FALSE
2019-12-26 06:48:40, Info                         [windeploy.exe]   Is Upgrade in progress? FALSE
2019-12-26 06:48:40, Info                         [windeploy.exe]   Is this Audit mode boot? FALSE
2019-12-26 06:48:40, Info                         [windeploy.exe] Reboot required after setup.exe and PostSysprep commands, before launching OOBE.
2019-12-26 06:48:40, Info                         [windeploy.exe] Making sure that SystemSetupInProgress is cleared.
2019-12-26 06:48:40, Info                         [windeploy.exe] An immediate reboot or shutdown was requested/required... rebooting / shutting down computer
2019-12-26 06:48:40, Info                         [windeploy.exe] Flushing registry to disk...
2019-12-26 06:48:40, Info                         [windeploy.exe] Flush took 532 ms.
2019-12-26 06:48:40, Info                         [windeploy.exe] WinDeploy.exe exiting with code [0x0]
2019-12-26 06:49:38, Info                         [windeploy.exe] ------------------------------------------------
2019-12-26 06:49:38, Info                         [windeploy.exe] WinDeploy.exe launched with command-line []...
2019-12-26 06:49:38, Info                         [windeploy.exe] LogBootDeviceInfo:The firmware boot device ARC path is [multi(0)disk(0)rdisk(1)partition(2)] and NT path is [\Device\Harddisk0\Partition2].
2019-12-26 06:49:38, Info                         [windeploy.exe] LogBootDeviceInfo:The system boot device ARC path is [multi(0)disk(0)rdisk(1)partition(4)] and NT path is [\Device\Harddisk0\Partition4].
2019-12-26 06:49:38, Info                         [windeploy.exe] Waiting for essential OOBE services to start.
2019-12-26 06:49:38, Info                         [windeploy.exe] Essential OOBE services started successfully.
2019-12-26 06:49:38, Info                         [windeploy.exe] Making sure that SystemSetupInProgress is cleared.
2019-12-26 06:49:38, Info                         [windeploy.exe] Windeploy: Executing PreOOBE commands
2019-12-26 06:49:38, Info                         [windeploy.exe] FbeExecuteExtensions: Processing callbacks in additive mode
2019-12-26 06:49:38, Info                         [windeploy.exe] FbeExecuteExtensions: Processed 0 extensions
2019-12-26 06:49:38, Info                         [windeploy.exe] Publishing WNF notification to indicate uninstall is disabled
2019-12-26 06:49:38, Info                         [windeploy.exe] OrchestratePublishWnfUninstallDisabled: Publishing WNF event for disabling uninstall
2019-12-26 06:49:38, Info                         [windeploy.exe] Restoring system default power request
2019-12-26 06:49:38, Info                         [windeploy.exe] Launching [C:\Windows\system32\oobe\oobeldr.exe /system]...
2019-12-26 06:49:38, Info                         [oobeldr.exe] OOBELdr.exe launched with command-line [/system]...
2019-12-26 06:49:38, Info                         [oobeldr.exe] OrchestrateUpdateImageState: Updating image state from [IMAGE_STATE_SPECIALIZE_RESEAL_TO_OOBE] --> [IMAGE_STATE_UNDEPLOYABLE]
2019-12-26 06:49:38, Info                         [oobeldr.exe] Parsing command line arguments...
2019-12-26 06:49:38, Info                         [oobeldr.exe] Parsing the following command line: [/system]
2019-12-26 06:49:38, Info                         [oobeldr.exe] Status for unattend pass [oobeSystem] = 0x0
2019-12-26 06:49:38, Info                         [oobeldr.exe] Found no unattend file for oobeSystem pass; skipping pass.
2019-12-26 06:49:38, Info                         [oobeldr.exe] Successfully ran oobeSystem pass.
2019-12-26 06:49:38, Info                         [oobeldr.exe] Launching [C:\Windows\system32\oobe\msoobe.exe]...
2019-12-26 06:49:38, Info                         [oobeldr.exe] Launching [C:\Windows\system32\oobe\msoobe.exe]...
2019-12-26 06:49:39, Info                         [msoobe.exe] ----------------------------------------------------------
2019-12-26 06:49:39, Info                         [msoobe.exe] Starting OOBE
2019-12-26 06:49:39, Info                         [msoobe.exe] Calculated OOBE STARTUP FLAGS: [0x00000000]
2019-12-26 06:49:39, Info                         [msoobe.exe] Beginning wait for service audiosrv (initial state SERVICE_START_PENDING, desired state SERVICE_RUNNING)
2019-12-26 06:49:40, Info                         [msoobe.exe] Service audiosrv successfully reports in state SERVICE_RUNNING
2019-12-26 06:49:40, Info                         [msoobe.exe] Successfully created first boot reg key
2019-12-26 06:49:40, Info                         [msoobe.exe] No previous OOBE Stats found in registry
2019-12-26 06:49:40, Info                         [msoobe.exe] Loading OOBE plugin ComputerName Plugin
2019-12-26 06:49:40, Info                         [msoobe.exe] Loading OOBE plugin ConnectedUser Plugin
2019-12-26 06:49:41, Info                         [msoobe.exe] Plugin ConnectedUser Plugin should not run
2019-12-26 06:49:41, Info                         [msoobe.exe] Loading OOBE plugin Cortana Plugin
2019-12-26 06:49:41, Info                         [msoobe.exe] Plugin Cortana Plugin should not run
2019-12-26 06:49:41, Info                         [msoobe.exe] Loading OOBE plugin End Plugin
2019-12-26 06:49:41, Info                         [msoobe.exe] Loading OOBE plugin Enterprise Provisioning Plugin
2019-12-26 06:49:41, Info                         [msoobe.exe] Plugin Enterprise Provisioning Plugin should not run
2019-12-26 06:49:41, Info                         [msoobe.exe] Loading OOBE plugin Eula Plugin
2019-12-26 06:49:41, Info                         [msoobe.exe] Posted cache change notification for setting EULAACCEPT.
2019-12-26 06:49:41, Info                         [msoobe.exe] Plugin Eula Plugin should not run
2019-12-26 06:49:41, Info                         [msoobe.exe] Loading OOBE plugin Feature Staging Plugin
2019-12-26 06:49:41, Info                         [msoobe.exe] Plugin Feature Staging Plugin should not run
2019-12-26 06:49:41, Info                         [msoobe.exe] Loading OOBE plugin HidPairing Plugin
2019-12-26 06:49:41, Info                         [msoobe.exe] Loading OOBE plugin Language Plugin
2019-12-26 06:49:41, Info                         [msoobe.exe] Found [1] UI languages
2019-12-26 06:49:41, Info                         [msoobe.exe] Successfully added language English (United States)
2019-12-26 06:49:41, Info                         [msoobe.exe] Posted cache change notification for setting UI_SUPPORTED_LANGIDS.
2019-12-26 06:49:41, Info                         [msoobe.exe] Posted cache change notification for setting LANGUAGE.
2019-12-26 06:49:41, Info                         [msoobe.exe] Posted cache change notification for setting LANGISO639.
2019-12-26 06:49:41, Info                         [msoobe.exe] Loading OOBE plugin LocalUser Plugin
2019-12-26 06:49:41, Info                         [msoobe.exe] Added IOOBEGlobalSettingsCacheListener LocalUser Plugin
2019-12-26 06:49:41, Info                         [msoobe.exe] Loading OOBE plugin Misc Plugin
2019-12-26 06:49:41, Info                         [msoobe.exe] Added IOOBEGlobalSettingsCacheListener Misc Plugin
2019-12-26 06:49:41, Info                         [msoobe.exe] Loading OOBE plugin OEMRegistration Plugin
2019-12-26 06:49:41, Info                         [msoobe.exe] OEM Machine Registration: Skipping - will be launched in User OOBE.
2019-12-26 06:49:41, Info                         [msoobe.exe] Plugin OEMRegistration Plugin should not run
2019-12-26 06:49:41, Info                         [msoobe.exe] Loading OOBE plugin PID Plugin
2019-12-26 06:49:41, Info                         [msoobe.exe] Added IOOBEGlobalSettingsCacheListener PID Plugin
2019-12-26 06:49:41, Info                         [msoobe.exe] Loading OOBE plugin ProtectPC Plugin
2019-12-26 06:49:41, Info                         [msoobe.exe] Loading OOBE plugin Proxy Configuration Plugin
2019-12-26 06:49:41, Info                         [msoobe.exe] Loading OOBE plugin Region Plugin
2019-12-26 06:49:41, Info                         [msoobe.exe] Loading OOBE plugin RetailDemo Plugin
2019-12-26 06:49:41, Info                         [msoobe.exe] Loading OOBE plugin TimeDate Plugin
2019-12-26 06:49:42, Info                         [msoobe.exe] Added IOOBEGlobalSettingsCacheListener TimeDate Plugin
2019-12-26 06:49:42, Info                         [msoobe.exe] Loading OOBE plugin UpgradeApps Plugin
2019-12-26 06:49:42, Info                         [msoobe.exe] Plugin UpgradeApps Plugin should not run
2019-12-26 06:49:42, Info                         [msoobe.exe] Loading OOBE plugin User OOBE Preparation Plugin
2019-12-26 06:49:42, Info                         [msoobe.exe] Added IOOBEGlobalSettingsCacheListener User OOBE Preparation Plugin
2019-12-26 06:49:42, Info                         [msoobe.exe] Loading OOBE plugin Wireless Plugin
2019-12-26 06:49:45, Info                         [msoobe.exe] Beginning wait for service wlansvc (initial state SERVICE_START_PENDING, desired state SERVICE_START_PENDING)
2019-12-26 06:49:45, Info                         [msoobe.exe] Service wlansvc successfully reports in state SERVICE_START_PENDING
2019-12-26 06:49:45, Info                         [msoobe.exe] Added IOOBEGlobalSettingsCacheListener Wireless Plugin
2019-12-26 06:49:45, Info                         [msoobe.exe] Loading OOBE plugin ZDP Plugin
2019-12-26 06:49:45, Info                         [msoobe.exe] Added IOOBEGlobalSettingsCacheListener ZDP Plugin
2019-12-26 06:49:45, Info                         [msoobe.exe] Parsing oobe.xml files...
2019-12-26 06:49:45, Info                         [msoobe.exe] Failed to load oobe.xml file at C:\Windows\system32\oobe\info\oobe.xml with hr=0x80070003
2019-12-26 06:49:45, Info                         [msoobe.exe] Failed to load oobe.xml file at C:\Windows\system32\oobe\info\default\oobe.xml with hr=0x80070003
2019-12-26 06:49:45, Info                         [msoobe.exe] Failed to load oobe.xml file at C:\Windows\system32\oobe\info\113\oobe.xml with hr=0x80070003
2019-12-26 06:49:45, Info                         [msoobe.exe] Failed to load oobe.xml file at C:\Windows\system32\oobe\info\default\1033\oobe.xml with hr=0x80070003
2019-12-26 06:49:45, Info                         [msoobe.exe] Failed to load oobe.xml file at C:\Windows\system32\oobe\info\113\1033\oobe.xml with hr=0x80070003
2019-12-26 06:49:45, Info                         [msoobe.exe] Successfully executed initial mandatory task for plugin HidPairing Plugin
2019-12-26 06:49:45, Info                         [msoobe.exe] Successfully executed initial mandatory task for plugin Wireless Plugin
2019-12-26 06:49:45, Info                         [msoobe.exe] ExecuteInitialMandatoryTasks not implemented for plugin Proxy Configuration Plugin
2019-12-26 06:49:45, Info                         [msoobe.exe] Attempting to start asynchronous notify ui language change.
2019-12-26 06:49:45, Info                         [msoobe.exe] Successfully executed initial mandatory task for plugin Language Plugin
2019-12-26 06:49:45, Info                         [msoobe.exe] Processing cache change notification for setting EULAACCEPT.
2019-12-26 06:49:45, Info                         [msoobe.exe] Processing cache change notification for setting UI_SUPPORTED_LANGIDS.
2019-12-26 06:49:45, Info                         [msoobe.exe] Processing cache change notification for setting LANGUAGE.
2019-12-26 06:49:45, Info                         [msoobe.exe] Processing cache change notification for setting LANGISO639.
2019-12-26 06:49:45, Info                         [msoobe.exe] TASK: Begin running task NotifyUILanguageChange...
2019-12-26 06:49:45, Info                         [msoobe.exe] TASK: Begin running task SaveEnabledInputMethods...
2019-12-26 06:49:45, Info                         [msoobe.exe] Posted cache change notification for setting NOTIFYLANGUAGEDONE.
2019-12-26 06:49:45, Info                         [msoobe.exe] Processing cache change notification for setting NOTIFYLANGUAGEDONE.
2019-12-26 06:49:45, Info                         [msoobe.exe] Successfully verified and committed UI language settings
2019-12-26 06:49:49, Info                         [msoobe.exe] TASK: End successfully running task SaveEnabledInputMethods
2019-12-26 06:49:49, Info                         [msoobe.exe] Posted cache change notification for setting GLOBALIZATIONCOMMITTED.
2019-12-26 06:49:49, Info                         [msoobe.exe] Successfully executed initial mandatory task for plugin Region Plugin
2019-12-26 06:49:49, Info                         [msoobe.exe] Processing cache change notification for setting GLOBALIZATIONCOMMITTED.
2019-12-26 06:49:49, Info                         [msoobe.exe] TASK: Begin running task SetComputerName...
2019-12-26 06:49:49, Info                         [msoobe.exe] Setting computer name to [DESKTOP-8OLMF07]
2019-12-26 06:49:50, Info                         [msoobe.exe] TASK: End successfully running task SetComputerName
2019-12-26 06:49:50, Info                         [msoobe.exe] TASK: Begin running task SetAccountDomainSID...
2019-12-26 06:49:50, Info                         [msoobe.exe] TASK: End successfully running task SetAccountDomainSID
2019-12-26 06:49:50, Info                         [msoobe.exe] Beginning wait for service wlidsvc (initial state SERVICE_START_PENDING, desired state SERVICE_START_PENDING)
2019-12-26 06:49:50, Info                         [msoobe.exe] Service wlidsvc successfully reports in state SERVICE_START_PENDING
2019-12-26 06:49:50, Info                         [msoobe.exe] TASK: Begin running task WaitForService...
2019-12-26 06:49:50, Info                         [msoobe.exe] Service netprofm is already running without invoking StartService()
2019-12-26 06:49:50, Info                         [msoobe.exe] Beginning wait for service netprofm (initial state SERVICE_RUNNING, desired state SERVICE_RUNNING)
2019-12-26 06:49:50, Info                         [msoobe.exe] Service netprofm successfully reports in state SERVICE_RUNNING
2019-12-26 06:49:50, Info                         [msoobe.exe] TASK: End successfully running task WaitForService
2019-12-26 06:49:50, Info                         [msoobe.exe] Beginning wait for service w32time (initial state SERVICE_START_PENDING, desired state SERVICE_START_PENDING)
2019-12-26 06:49:50, Info                         [msoobe.exe] Service w32time successfully reports in state SERVICE_START_PENDING
2019-12-26 06:49:50, Info                         [msoobe.exe] Successfully signaled SCM event to start up services
2019-12-26 06:49:50, Info                         [msoobe.exe] Posted cache change notification for setting COMPUTERNAME.
2019-12-26 06:49:50, Info                         [msoobe.exe] Successfully executed initial mandatory task for plugin ComputerName Plugin
2019-12-26 06:49:50, Info                         [msoobe.exe] ExecuteInitialMandatoryTasks not implemented for plugin LocalUser Plugin
2019-12-26 06:49:50, Info                         [msoobe.exe] Posted cache change notification for setting ENTERINGUSEROOBE.
2019-12-26 06:49:50, Info                         [msoobe.exe] Successfully executed initial mandatory task for plugin User OOBE Preparation Plugin
2019-12-26 06:49:50, Info                         [msoobe.exe] TASK: Begin running task PrepareUserOOBE...
2019-12-26 06:49:50, Info                         [msoobe.exe] Posted cache change notification for setting PRODUCTKEYSTATUS.
2019-12-26 06:49:50, Info                         [msoobe.exe] Creating a new default account
2019-12-26 06:49:50, Info                         [msoobe.exe] Launched background PID install task from plugin's Initial Mandatory Tasks
2019-12-26 06:49:50, Info                         [msoobe.exe] Posted cache change notification for setting PRODUCTKEYSTATUS.
2019-12-26 06:49:50, Info                         [msoobe.exe] Successfully executed initial mandatory task for plugin PID Plugin
2019-12-26 06:49:50, Info                         [msoobe.exe] Successfully executed initial mandatory task for plugin ProtectPC Plugin
2019-12-26 06:49:50, Info                         [msoobe.exe] Posted cache change notification for setting TIMESYNCSTATUS.
2019-12-26 06:49:50, Info                         [msoobe.exe] Successfully executed initial mandatory task for plugin TimeDate Plugin
2019-12-26 06:49:50, Info                         [msoobe.exe] Successfully executed initial mandatory task for plugin RetailDemo Plugin
2019-12-26 06:49:50, Info                         [msoobe.exe] TASK: Begin running task InstallPid...
2019-12-26 06:49:50, Info                         [msoobe.exe] Successfully executed initial mandatory task for plugin ZDP Plugin
2019-12-26 06:49:50, Info                         [msoobe.exe] Successfully executed initial mandatory task for plugin Misc Plugin
2019-12-26 06:49:50, Info                         [msoobe.exe] ExecuteInitialMandatoryTasks not implemented for plugin End Plugin
2019-12-26 06:49:50, Info                         [msoobe.exe] TASK: Begin running task RemoveRetailDemoDataTask...
2019-12-26 06:49:50, Info                         [msoobe.exe] Retail Demo mode is not enabled, removing demo accounts if they exist.
2019-12-26 06:49:50, Info                         [msoobe.exe] TASK: Begin running task CreateDirectoryJunctions...
2019-12-26 06:49:50, Info                         [msoobe.exe] Creating directory junctions
2019-12-26 06:49:52, Info                         [msoobe.exe] Unable to create wizard page AccountError. Skipping page.
2019-12-26 06:49:52, Info                         [msoobe.exe] Optional plugin wireless is requested but not present.
2019-12-26 06:49:52, Info                         [msoobe.exe] Successfully created wizard page AuthProxy.
2019-12-26 06:49:52, Info                         [msoobe.exe] Unable to create wizard page ConnectedUser. Skipping page.
2019-12-26 06:49:52, Info                         [msoobe.exe] Unable to create wizard page Cortana. Skipping page.
2019-12-26 06:49:52, Info                         [msoobe.exe] Successfully created wizard page End.
2019-12-26 06:49:52, Info                         [msoobe.exe] Unable to create wizard page EnterpriseProvisioning. Skipping page.
2019-12-26 06:49:52, Info                         [msoobe.exe] Unable to create wizard page EnterpriseProvisioningStatus. Skipping page.
2019-12-26 06:49:52, Info                         [msoobe.exe] Unable to create wizard page Eula. Skipping page.
2019-12-26 06:49:52, Info                         [msoobe.exe] Unable to create wizard page FeatureStaging. Skipping page.
2019-12-26 06:49:52, Info                         [msoobe.exe] Successfully created wizard page HidAccessoryPairing.
2019-12-26 06:49:52, Info                         [msoobe.exe] Successfully created wizard page HidKeyboardPairing.
2019-12-26 06:49:52, Info                         [msoobe.exe] Successfully created wizard page HidMousePairing.
2019-12-26 06:49:52, Info                         [msoobe.exe] Successfully created wizard page Localization.
2019-12-26 06:49:52, Info                         [msoobe.exe] Successfully created wizard page LocalUser.
2019-12-26 06:49:52, Info                         [msoobe.exe] Unable to create wizard page OEMRegistration. Skipping page.
2019-12-26 06:49:52, Info                         [msoobe.exe] Successfully created wizard page PID.
2019-12-26 06:49:52, Info                         [msoobe.exe] Successfully created wizard page ProtectPcSettings1.
2019-12-26 06:49:52, Info                         [msoobe.exe] Successfully created wizard page ProxyConfiguration.
2019-12-26 06:49:52, Info                         [msoobe.exe] Successfully created wizard page Recovery.
2019-12-26 06:49:52, Info                         [msoobe.exe] Unable to create wizard page UpgradeApps. Skipping page.
2019-12-26 06:49:52, Info                         [msoobe.exe] Unable to create wizard page UpgradePassword. Skipping page.
2019-12-26 06:49:52, Info                         [msoobe.exe] Successfully created wizard page Wireless.
2019-12-26 06:49:52, Info                         [msoobe.exe] Creating section Account.
2019-12-26 06:49:52, Info                         [msoobe.exe] Section Account: could not find page ConnectedUser. Moving on.
2019-12-26 06:49:52, Info                         [msoobe.exe] Section Account: successfully added page LocalUser
2019-12-26 06:49:52, Info                         [msoobe.exe] Successfully created section Account.
2019-12-26 06:49:52, Info                         [msoobe.exe] Creating section Connect.
2019-12-26 06:49:52, Info                         [msoobe.exe] Section Connect: successfully added page Wireless
2019-12-26 06:49:52, Info                         [msoobe.exe] Successfully created section Connect.
2019-12-26 06:49:52, Info                         [msoobe.exe] Creating section End.
2019-12-26 06:49:52, Info                         [msoobe.exe] Section End: could not find page Cortana. Moving on.
2019-12-26 06:49:52, Info                         [msoobe.exe] Section End: could not find page UpgradeApps. Moving on.
2019-12-26 06:49:52, Info                         [msoobe.exe] Section End: could not find page EnterpriseProvisioningStatus. Moving on.
2019-12-26 06:49:52, Info                         [msoobe.exe] Section End: successfully added page End
2019-12-26 06:49:52, Info                         [msoobe.exe] Successfully created section End.
2019-12-26 06:49:52, Info                         [msoobe.exe] Creating section Localization.
2019-12-26 06:49:52, Info                         [msoobe.exe] Section Localization: could not find page FeatureStaging. Moving on.
2019-12-26 06:49:52, Info                         [msoobe.exe] Section Localization: successfully added page Localization
2019-12-26 06:49:52, Info                         [msoobe.exe] Successfully created section Localization.
2019-12-26 06:49:52, Info                         [msoobe.exe] Creating section PreOOBE.
2019-12-26 06:49:52, Info                         [msoobe.exe] Section PreOOBE: successfully added page HidMousePairing
2019-12-26 06:49:52, Info                         [msoobe.exe] Section PreOOBE: successfully added page HidKeyboardPairing
2019-12-26 06:49:52, Info                         [msoobe.exe] Successfully created section PreOOBE.
2019-12-26 06:49:52, Info                         [msoobe.exe] Creating section Recovery.
2019-12-26 06:49:52, Info                         [msoobe.exe] Section Recovery: successfully added page Localization
2019-12-26 06:49:52, Info                         [msoobe.exe] Section Recovery: successfully added page Recovery
2019-12-26 06:49:52, Info                         [msoobe.exe] Section Recovery: successfully added page Wireless
2019-12-26 06:49:52, Info                         [msoobe.exe] Successfully created section Recovery.
2019-12-26 06:49:52, Info                         [msoobe.exe] Creating section RecoveryEnd.
2019-12-26 06:49:52, Info                         [msoobe.exe] Section RecoveryEnd: successfully added page End
2019-12-26 06:49:52, Info                         [msoobe.exe] Successfully created section RecoveryEnd.
2019-12-26 06:49:52, Info                         [msoobe.exe] Creating section Registration.
2019-12-26 06:49:52, Info                         [msoobe.exe] Section Registration: could not find page EnterpriseProvisioning. Moving on.
2019-12-26 06:49:52, Info                         [msoobe.exe] Section Registration: successfully added page PID
2019-12-26 06:49:52, Info                         [msoobe.exe] Section Registration: could not find page Eula. Moving on.
2019-12-26 06:49:52, Info                         [msoobe.exe] Section Registration: successfully added page HidAccessoryPairing
2019-12-26 06:49:52, Info                         [msoobe.exe] Section Registration: could not find page OEMRegistration. Moving on.
2019-12-26 06:49:52, Info                         [msoobe.exe] Successfully created section Registration.
2019-12-26 06:49:52, Info                         [msoobe.exe] Creating section Server.
2019-12-26 06:49:52, Info                         [msoobe.exe] Section Server: successfully added page Localization
2019-12-26 06:49:52, Info                         [msoobe.exe] Section Server: successfully added page PID
2019-12-26 06:49:52, Info                         [msoobe.exe] Section Server: could not find page Eula. Moving on.
2019-12-26 06:49:52, Info                         [msoobe.exe] Section Server: successfully added page LocalUser
2019-12-26 06:49:52, Info                         [msoobe.exe] Successfully created section Server.
2019-12-26 06:49:52, Info                         [msoobe.exe] Creating section SetItUp.
2019-12-26 06:49:52, Info                         [msoobe.exe] Section SetItUp: successfully added page ProtectPcSettings1
2019-12-26 06:49:52, Info                         [msoobe.exe] Successfully created section SetItUp.
2019-12-26 06:49:52, Info                         [msoobe.exe] Creating section UpgradeWelcome.
2019-12-26 06:49:52, Info                         [msoobe.exe] Section UpgradeWelcome: could not find page UpgradePassword. Moving on.
2019-12-26 06:49:52, Info                         [msoobe.exe] No pages were found for section UpgradeWelcome.
2019-12-26 06:49:52, Info                         [msoobe.exe] Successfully created section UpgradeWelcome.
2019-12-26 06:49:52, Info                         [msoobe.exe] Successfully added section PreOOBE to main flow.
2019-12-26 06:49:52, Info                         [msoobe.exe] Successfully added section Localization to main flow.
2019-12-26 06:49:52, Info                         [msoobe.exe] Successfully added section UpgradeWelcome to main flow.
2019-12-26 06:49:52, Info                         [msoobe.exe] Successfully added section Registration to main flow.
2019-12-26 06:49:52, Info                         [msoobe.exe] Successfully added section Connect to main flow.
2019-12-26 06:49:52, Info                         [msoobe.exe] Successfully added section SetItUp to main flow.
2019-12-26 06:49:52, Info                         [msoobe.exe] Successfully added section Account to main flow.
2019-12-26 06:49:52, Info                         [msoobe.exe] Successfully added section End to main flow.
2019-12-26 06:49:52, Info                         [msoobe.exe] Display mode is set to 1920x1080x32 [64Hz]
2019-12-26 06:49:54, Info                         [msoobe.exe] Beginning wait for service Themes (initial state SERVICE_RUNNING, desired state SERVICE_RUNNING)
2019-12-26 06:49:54, Info                         [msoobe.exe] Beginning wait for service Schedule (initial state SERVICE_START_PENDING, desired state SERVICE_RUNNING)
2019-12-26 06:49:54, Info                         [msoobe.exe] Service Themes successfully reports in state SERVICE_RUNNING
2019-12-26 06:49:54, Info                         [msoobe.exe] Service Schedule is already running without invoking StartService()
2019-12-26 06:49:54, Info                         [msoobe.exe] Beginning wait for service Schedule (initial state SERVICE_START_PENDING, desired state SERVICE_RUNNING)
2019-12-26 06:49:54, Info                         [msoobe.exe] TASK: End successfully running task CreateDirectoryJunctions
2019-12-26 06:49:55, Info                         [msoobe.exe] Not setting autologon since this is an upgrade or the machine is domain-joined.
2019-12-26 06:49:58, Info                         [msoobe.exe] Beginning wait for service profsvc (initial state SERVICE_START_PENDING, desired state SERVICE_RUNNING)
2019-12-26 06:49:59, Info                         [msoobe.exe] Service profsvc successfully reports in state SERVICE_RUNNING
2019-12-26 06:50:02, Info                         [msoobe.exe] Installed product key ((null))
2019-12-26 06:50:02, Info                         [msoobe.exe] Posted cache change notification for setting PRODUCTKEYSTATUS.
2019-12-26 06:50:02, Info                         [msoobe.exe] TASK: End successfully running task InstallPid
2019-12-26 06:50:02, Info                         [msoobe.exe] Service Schedule successfully reports in state SERVICE_RUNNING
2019-12-26 06:50:02, Info                         [msoobe.exe] Service Schedule successfully reports in state SERVICE_RUNNING
2019-12-26 06:50:02, Info                         [msoobe.exe] TASK: End successfully running task RemoveRetailDemoDataTask
2019-12-26 06:50:02, Info                         [msoobe.exe] Running OOBE wizard...
2019-12-26 06:50:08, Info                         [msoobe.exe] Adjusting margins for [landscape] at 1920x1080 with scale factor 1.250000
2019-12-26 06:50:08, Info                         [msoobe.exe] Using layout options 0.
2019-12-26 06:50:08, Info                         [msoobe.exe] Skipping HID Pairing page because image paths were not found in oobe.xml
2019-12-26 06:50:08, Info                         [msoobe.exe] Skipping HID Keyboard page because 2nd (PIN) image path was not found in oobe.xml
2019-12-26 06:50:10, Info                         [msoobe.exe] Default account: defaultuser0 is created successfully
2019-12-26 06:50:10, Info                         [msoobe.exe] TASK: End successfully running task PrepareUserOOBE
2019-12-26 06:50:10, Info                         [msoobe.exe] SETACTIVE: wizard page for page End
2019-12-26 06:50:10, Info                         [msoobe.exe] AbortZDP(0) invoked
2019-12-26 06:50:10, Info                         [msoobe.exe] Adjusting margins for [landscape] at 1920x1080 with scale factor 1.250000
2019-12-26 06:50:10, Info                         [msoobe.exe] Using layout options 1.
2019-12-26 06:50:10, Info                         [msoobe.exe] Running utilman.exe
2019-12-26 06:50:11, Info                         [msoobe.exe] Processing cache change notification for setting COMPUTERNAME.
2019-12-26 06:50:11, Info                         [msoobe.exe] TASK: Begin running task WindowsRecoveryEnvironment...
2019-12-26 06:50:11, Info                         [msoobe.exe] TASK: Begin running task RemoveAdminProfile...
2019-12-26 06:50:11, Info                         [msoobe.exe] Installing Windows Recovery Environment
2019-12-26 06:50:11, Info                         [msoobe.exe] TASK: Begin running task QueueArsSystemTasksTask...
2019-12-26 06:50:11, Info                         [msoobe.exe] Removing Administrator Profile
2019-12-26 06:50:11, Info                         [msoobe.exe] Service profsvc is already running without invoking StartService()
2019-12-26 06:50:11, Info                         [msoobe.exe] Beginning wait for service profsvc (initial state SERVICE_RUNNING, desired state SERVICE_RUNNING)
2019-12-26 06:50:11, Info                         [msoobe.exe] Service profsvc successfully reports in state SERVICE_RUNNING
2019-12-26 06:50:11, Info                         [msoobe.exe] Admin profile S-1-5-21-2951935074-3865199250-1429498015-500 was not found.
2019-12-26 06:50:11, Info                         [msoobe.exe] TASK: End successfully running task RemoveAdminProfile
2019-12-26 06:50:12, Info                         [msoobe.exe] Posted cache change notification for setting NETWORKSTATUS.
2019-12-26 06:50:12, Info                         [msoobe.exe] Connectivity changed: No connection detected
2019-12-26 06:50:12, Info                         [msoobe.exe] Successfully created Internet listener
2019-12-26 06:50:12, Info                         [msoobe.exe] Processing cache change notification for setting ENTERINGUSEROOBE.
2019-12-26 06:50:12, Info                         [msoobe.exe] Processing cache change notification for setting PRODUCTKEYSTATUS.
2019-12-26 06:50:12, Info                         [msoobe.exe] Processing cache change notification for setting PRODUCTKEYSTATUS.
2019-12-26 06:50:12, Info                         [msoobe.exe] Processing cache change notification for setting TIMESYNCSTATUS.
2019-12-26 06:50:12, Info                         [msoobe.exe] Processing cache change notification for setting PRODUCTKEYSTATUS.
2019-12-26 06:50:12, Info                         [msoobe.exe] Processing cache change notification for setting NETWORKSTATUS.
2019-12-26 06:50:12, Info                         [msoobe.exe] Enter WinReOobeInstall
2019-12-26 06:50:12, Info                         [msoobe.exe] Next button was clicked
2019-12-26 06:50:12, Info                         [msoobe.exe] UPDATE: running for end
2019-12-26 06:50:12, Info                         [msoobe.exe] UPDATE: not implemented for plugin end
2019-12-26 06:50:12, Info                         [msoobe.exe] UPDATE: running for zdp
2019-12-26 06:50:12, Info                         [msoobe.exe] UPDATE: not implemented for plugin zdp
2019-12-26 06:50:12, Info                         [msoobe.exe] COMMIT: running for plugin HidPairing Plugin
2019-12-26 06:50:12, Info                         [msoobe.exe] COMMIT: not implemented for plugin HidPairing Plugin
2019-12-26 06:50:12, Info                         [msoobe.exe] COMMIT: running for plugin Wireless Plugin
2019-12-26 06:50:12, Info                         [msoobe.exe] COMMIT: not implemented for plugin Wireless Plugin
2019-12-26 06:50:12, Info                         [msoobe.exe] COMMIT: running for plugin Proxy Configuration Plugin
2019-12-26 06:50:12, Info                         [msoobe.exe] COMMIT: not implemented for plugin Proxy Configuration Plugin
2019-12-26 06:50:12, Info                         [msoobe.exe] COMMIT: running for plugin Language Plugin
2019-12-26 06:50:12, Info                         [msoobe.exe] COMMIT: not implemented for plugin Language Plugin
2019-12-26 06:50:12, Info                         [msoobe.exe] COMMIT: running for plugin Region Plugin
2019-12-26 06:50:12, Info                         [msoobe.exe] COMMIT: not implemented for plugin Region Plugin
2019-12-26 06:50:12, Info                         [msoobe.exe] COMMIT: running for plugin ComputerName Plugin
2019-12-26 06:50:12, Info                         [msoobe.exe] COMMIT: not implemented for plugin ComputerName Plugin
2019-12-26 06:50:12, Info                         [msoobe.exe] COMMIT: running for plugin LocalUser Plugin
2019-12-26 06:50:12, Error                        [msoobe.exe] COMMIT: failed for plugin LocalUser Plugin with hr=0x80070490
2019-12-26 06:50:12, Info                         [msoobe.exe] COMMIT: running for plugin User OOBE Preparation Plugin
2019-12-26 06:50:12, Info                         [msoobe.exe] COMMIT: not implemented for plugin User OOBE Preparation Plugin
2019-12-26 06:50:12, Info                         [msoobe.exe] COMMIT: running for plugin PID Plugin
2019-12-26 06:50:12, Info                         [msoobe.exe] COMMIT: not implemented for plugin PID Plugin
2019-12-26 06:50:12, Info                         [msoobe.exe] COMMIT: running for plugin ProtectPC Plugin
2019-12-26 06:50:12, Info                         [msoobe.exe] COMMIT: succeeded for plugin ProtectPC Plugin
2019-12-26 06:50:12, Info                         [msoobe.exe] COMMIT: running for plugin TimeDate Plugin
2019-12-26 06:50:12, Info                         [msoobe.exe] Set time zone to [India Standard Time]
2019-12-26 06:50:12, Info                         [msoobe.exe] COMMIT: succeeded for plugin TimeDate Plugin
2019-12-26 06:50:12, Info                         [msoobe.exe] COMMIT: running for plugin RetailDemo Plugin
2019-12-26 06:50:12, Info                         [msoobe.exe] COMMIT: not implemented for plugin RetailDemo Plugin
2019-12-26 06:50:12, Info                         [msoobe.exe] COMMIT: running for plugin ZDP Plugin
2019-12-26 06:50:12, Info                         [msoobe.exe] COMMIT: not implemented for plugin ZDP Plugin
2019-12-26 06:50:12, Info                         [msoobe.exe] COMMIT: running for plugin Misc Plugin
2019-12-26 06:50:12, Info                         [msoobe.exe] COMMIT: not implemented for plugin Misc Plugin
2019-12-26 06:50:12, Info                         [msoobe.exe] COMMIT: running for plugin End Plugin
2019-12-26 06:50:12, Info                         [msoobe.exe] COMMIT: not implemented for plugin End Plugin
2019-12-26 06:50:13, Info                         [msoobe.exe] ExecuteFinalMandatoryTasks not implemented for plugin HidPairing Plugin
2019-12-26 06:50:13, Info                         [msoobe.exe] Service AppReadiness is already running without invoking StartService()
2019-12-26 06:50:13, Info                         [msoobe.exe] Beginning wait for service AppReadiness (initial state SERVICE_RUNNING, desired state SERVICE_START_PENDING)
2019-12-26 06:50:13, Info                         [msoobe.exe] Service AppReadiness successfully reports in state SERVICE_START_PENDING
2019-12-26 06:50:13, Info                         [msoobe.exe] Service appxsvc is already running without invoking StartService()
2019-12-26 06:50:13, Info                         [msoobe.exe] Beginning wait for service appxsvc (initial state SERVICE_START_PENDING, desired state SERVICE_START_PENDING)
2019-12-26 06:50:13, Info                         [msoobe.exe] Service appxsvc successfully reports in state SERVICE_START_PENDING
2019-12-26 06:50:13, Info                         [msoobe.exe] AppReadinessService QueueSystemTasks result [hr=0x00000000]
2019-12-26 06:50:13, Info                         [msoobe.exe] TASK: End successfully running task QueueArsSystemTasksTask
2019-12-26 06:50:13, Info                         [msoobe.exe] winreSetDriverEpoch: Driver epoch: 0
2019-12-26 06:50:13, Info                         [msoobe.exe] winreSetRecoveryDirectorySecurity: Checking for recovery dir [C:\Recovery]
2019-12-26 06:50:13, Info                         [msoobe.exe] winreSetRecoveryDirectorySecurity: Recovery dir did not exist, creating with secure ACL
2019-12-26 06:50:13, Info                         [msoobe.exe] winreSetRecoveryDirectorySecurity: Created [C:\Recovery] successfully
2019-12-26 06:50:13, Info                         [msoobe.exe] winreSetRecoveryDirectorySecurity: Set [C:\Recovery] permissions to [O:BAG:BAD:(A;CIOI;GA;;;BA)(A;CIOI;GRGX;;;AU)(A;CIOI;GRGX;;;BU)]
2019-12-26 06:50:13, Info                         [msoobe.exe] winreSetRecoveryDirectorySecurity: Successfully made [C:\Recovery] hidden
2019-12-26 06:50:13, Info                         [msoobe.exe] winreTraceHostInstallType: Install type: 9
2019-12-26 06:50:13, Info                         [msoobe.exe] CheckRegKey Reg get value (PushButtonReset) failed. with error 0x2
2019-12-26 06:50:13, Info                         [msoobe.exe] Successfully executed final mandatory task for plugin Wireless Plugin
2019-12-26 06:50:13, Info                         [msoobe.exe] Successfully executed final mandatory task for plugin Proxy Configuration Plugin
2019-12-26 06:50:13, Info                         [svchost.exe] Enter WinReIsWimBootEnabled
2019-12-26 06:50:13, Info                         [svchost.exe] Parameters: pszWinDir: NULL
2019-12-26 06:50:13, Info                         [svchost.exe] Exit WinReIsWimBootEnabled returns 0 with last error: 0x0
2019-12-26 06:50:14, Info                         [msoobe.exe] Update enhanced config info is enabled.
2019-12-26 06:50:16, Info                         [msoobe.exe] WinRE is installed
2019-12-26 06:50:17, Info                         [msoobe.exe] Loading boot index 1
2019-12-26 06:50:17, Info                         [msoobe.exe] winreValidateWimFile took 1641 ms.
2019-12-26 06:50:23, Info                         [msoobe.exe] WinReValidateRecoveryWimInternal took 10625 ms.
2019-12-26 06:50:23, Info                         [msoobe.exe] WinReOobeInstall Resetting WinRE recovery action
2019-12-26 06:50:23, Info                         [msoobe.exe] Enter WinReSetRecoveryAction
2019-12-26 06:50:23, Info                         [msoobe.exe] Parameters: Operation: 5, OperationParam: NULL, Permanent: FALSE, ConfigWinDir: NULL
2019-12-26 06:50:23, Warning                      [msoobe.exe] RegOpenKeyEx(GP) failed: 0x2
2019-12-26 06:50:23, Warning                      [msoobe.exe] WinReGetGroupPolicies failed with error code 0x2
2019-12-26 06:50:23, Warning                      [msoobe.exe] NOTE: overwrite error code 0x2 because it is not critical
2019-12-26 06:50:23, Info                         [msoobe.exe] WinRE config file path: C:\Windows\system32\Recovery\ReAgent.xml
2019-12-26 06:50:23, Info                         [msoobe.exe] Update enhanced config info is enabled.
2019-12-26 06:50:25, Info                         [msoobe.exe] WinRE is installed
2019-12-26 06:50:25, Info                         [msoobe.exe] WinRE is installed at: \\?\GLOBALROOT\device\harddisk0\partition1\Recovery\WindowsRE
2019-12-26 06:50:25, Info                         [msoobe.exe] System is WimBoot: FALSE
2019-12-26 06:50:25, Info                         [msoobe.exe] WinRE image validated
2019-12-26 06:50:25, Info                         [msoobe.exe] Update enhanced config info is enabled.
2019-12-26 06:50:25, Info                         [msoobe.exe] WinRE is installed
2019-12-26 06:50:25, Info                         [msoobe.exe] Exit WinReSetRecoveryAction return value: 1, last error: 0x0
2019-12-26 06:50:25, Info                         [msoobe.exe] WinReOobeInstall Resealing volume if necessary
2019-12-26 06:50:25, Info                         [msoobe.exe] WinReOobeInstall WinRE installation in OOBE completed
2019-12-26 06:50:25, Info                         [msoobe.exe] Exit WinReOobeInstall return value: 1
2019-12-26 06:50:25, Info                         [msoobe.exe] Successfully installed Windows Recovery Environment
2019-12-26 06:50:25, Info                         [msoobe.exe] TASK: End successfully running task WindowsRecoveryEnvironment
2019-12-26 06:51:52, Info                         [msoobe.exe] Successfully notified UI language change
2019-12-26 06:51:52, Info                         [msoobe.exe] Posted cache change notification for setting NOTIFYLANGUAGEDONE.
2019-12-26 06:51:52, Info                         [msoobe.exe] TASK: End successfully running task NotifyUILanguageChange
2019-12-26 06:51:52, Info                         [msoobe.exe] Processing cache change notification for setting NOTIFYLANGUAGEDONE.
2019-12-26 06:51:52, Info                         [msoobe.exe] Successfully executed final mandatory task for plugin Language Plugin
2019-12-26 06:51:52, Info                         [msoobe.exe] Region Plugin successfully set default Dvd region
2019-12-26 06:51:52, Info                         [msoobe.exe] Successfully executed final mandatory task for plugin Region Plugin
2019-12-26 06:51:52, Info                         [msoobe.exe] ExecuteFinalMandatoryTasks not implemented for plugin ComputerName Plugin
2019-12-26 06:51:52, Info                         [msoobe.exe] ExecuteFinalMandatoryTasks not implemented for plugin LocalUser Plugin
2019-12-26 06:51:52, Info                         [msoobe.exe] Post-setup for the default account is run successfully
2019-12-26 06:51:52, Info                         [msoobe.exe] Posted cache change notification for setting ENTERINGUSEROOBE.
2019-12-26 06:51:52, Info                         [msoobe.exe] Successfully executed final mandatory task for plugin User OOBE Preparation Plugin
2019-12-26 06:51:52, Info                         [msoobe.exe] Successfully executed final mandatory task for plugin PID Plugin
2019-12-26 06:51:52, Info                         [msoobe.exe] ExecuteFinalMandatoryTasks not implemented for plugin ProtectPC Plugin
2019-12-26 06:51:52, Info                         [msoobe.exe] Successfully executed final mandatory task for plugin TimeDate Plugin
2019-12-26 06:51:52, Info                         [msoobe.exe] Successfully executed final mandatory task for plugin RetailDemo Plugin
2019-12-26 06:51:52, Info                         [msoobe.exe] Successfully executed final mandatory task for plugin ZDP Plugin
2019-12-26 06:51:52, Info                         [msoobe.exe] TASK: Begin running task ResetNotificationTimerTask...
2019-12-26 06:51:52, Info                         [msoobe.exe] TASK: End successfully running task ResetNotificationTimerTask
2019-12-26 06:51:52, Info                         [msoobe.exe] Successfully executed final mandatory task for plugin Misc Plugin
2019-12-26 06:51:52, Info                         [msoobe.exe] ExecuteFinalMandatoryTasks not implemented for plugin End Plugin
2019-12-26 06:51:52, Info                         [msoobe.exe] KILLACTIVE: wizard page for page End
2019-12-26 06:51:52, Info                         [msoobe.exe] OOBE wizard finishing - preparing final UX before destroying wizard.
2019-12-26 06:51:52, Info                         [msoobe.exe] Triggering fade to black to end OOBE UI
2019-12-26 06:51:52, Info                         [msoobe.exe] Processing cache change notification for setting ENTERINGUSEROOBE.
2019-12-26 06:51:52, Info                         [msoobe.exe] Posting Quit message after Fade To Black Transition Complete
2019-12-26 06:51:52, Info                         [msoobe.exe] Main Wizard message loop finished
2019-12-26 06:51:53, Info                         [msoobe.exe] Finished running wizard with hr=0x00000000
2019-12-26 06:51:53, Info                         [msoobe.exe] Ensuring netprofm task is complete.
2019-12-26 06:51:53, Info                         [msoobe.exe] Wrote End-of-OOBE Timestamp to Registry
2019-12-26 06:51:53, Info                         [msoobe.exe] License for msoobe-FirstLogonAnim-MayBeDisabled is false
2019-12-26 06:51:53, Info                         [msoobe.exe] Host returned successfully
2019-12-26 06:51:53, Info                         [msoobe.exe] Ending OOBE
2019-12-26 06:51:53, Info                         [msoobe.exe] ----------------------------------------------------------
2019-12-26 06:51:53, Info                         [taskhostw.exe] OOBE Monitor task background thread started
2019-12-26 06:51:54, Info                         [oobeldr.exe] OrchestrateUpdateImageState: Updating image state from [IMAGE_STATE_UNDEPLOYABLE] --> [IMAGE_STATE_COMPLETE]
2019-12-26 06:51:54, Info                         [oobeldr.exe] OOBELdr.exe exiting with code [0x0]...
2019-12-26 06:51:54, Info                         [windeploy.exe] Process exited with exit code [0x0]
2019-12-26 06:51:54, Info                         [windeploy.exe] Windeploy: Executing PostOOBE commands
2019-12-26 06:51:54, Info                         [windeploy.exe] FbeExecuteExtensions: Processing callbacks in additive mode
2019-12-26 06:51:54, Info                         [windeploy.exe] FbeExecuteExtensions: Processed 0 extensions
2019-12-26 06:51:54, Info                         [windeploy.exe] Publishing WNF notification to indicate OOBE completion
2019-12-26 06:51:54, Info                         [windeploy.exe] OrchestrateWnfPublishOobeCompletion: Publishing WNF event for OOBE completion; OOBE completion flag = TRUE
2019-12-26 06:51:54, Info                         [windeploy.exe] Client OS detected: 1
2019-12-26 06:51:54, Info                         [windeploy.exe] OEM Licensing detected: 0
2019-12-26 06:51:54, Info                         [windeploy.exe] EnterpriseS or Enterprise or EnterpriseSN or EnterpriseN edition detected: 0
2019-12-26 06:51:55, Info                         [windeploy.exe] Flushing registry to disk...
2019-12-26 06:51:56, Info                         [windeploy.exe] Flush took 1375 ms.
2019-12-26 06:51:56, Info                         [windeploy.exe] Windeploy: Executing move/cleanup commands
2019-12-26 06:51:56, Info                         [windeploy.exe] WinDeploy.exe exiting with code [0x0]
2019-12-26 06:52:14, Info                         [taskhostw.exe] OOBE Monitor event received: 101
2019-12-26 06:52:31, Info                         [taskhostw.exe] OOBE Monitor event received: 102
2019-12-26 06:52:41, Info                         [taskhostw.exe] OOBE Monitor event received: 103
2019-12-26 06:52:55, Info                         [taskhostw.exe] OOBE Monitor event received: 104
2019-12-26 06:53:40, Info                         [CloudExperienceHostBroker.exe] CommitRegion 113
2019-12-26 06:53:40, Info                         [CloudExperienceHostBroker.exe] Calling SetUserLanguages for paired locale en-IN
2019-12-26 06:53:40, Info                         [CloudExperienceHostBroker.exe] Start copy locale settings for "en-IN" to default/system/new user account.
2019-12-26 06:53:41, Info                         [CloudExperienceHostBroker.exe] Succeed in copying locale settings for "en-IN" to default/system/new user account.
2019-12-26 06:53:41, Info                         [CloudExperienceHostBroker.exe] Start setting system locale "en-US" and its related font settings.
2019-12-26 06:53:41, Info                         [CloudExperienceHostBroker.exe] Succeed in setting system locale "en-US" and its related font settings.
2019-12-26 06:53:41, Info                         [CloudExperienceHostBroker.exe] The new system locale "en-US" is not the same as the current system locale "en-IN". System will be rebooted later.
2019-12-26 06:53:41, Info                         [CloudExperienceHostBroker.exe] Failed to load oobe.xml file at C:\Windows\system32\oobe\info\oobe.xml with hr=0x80070003
2019-12-26 06:53:41, Info                         [CloudExperienceHostBroker.exe] Failed to load oobe.xml file at C:\Windows\system32\oobe\info\default\oobe.xml with hr=0x80070003
2019-12-26 06:53:41, Info                         [CloudExperienceHostBroker.exe] Failed to load oobe.xml file at C:\Windows\system32\oobe\info\113\oobe.xml with hr=0x80070003
2019-12-26 06:53:41, Info                         [CloudExperienceHostBroker.exe] Failed to load oobe.xml file at C:\Windows\system32\oobe\info\default\1033\oobe.xml with hr=0x80070003
2019-12-26 06:53:41, Info                         [CloudExperienceHostBroker.exe] Failed to load oobe.xml file at C:\Windows\system32\oobe\info\113\1033\oobe.xml with hr=0x80070003
2019-12-26 06:53:41, Info                         [CloudExperienceHostBroker.exe] Set time zone to [India Standard Time]
2019-12-26 06:53:50, Info                         [CloudExperienceHostBroker.exe] CommitKeyboards, primary keyboard: 0409:00004009
2019-12-26 06:53:51, Info                         [CloudExperienceHostBroker.exe] CommitKeyboards, locale keyboard: 4009:00004009
2019-12-26 06:53:52, Info                         [CloudExperienceHostBroker.exe] Failed to load oobe.xml file at C:\Windows\system32\oobe\info\oobe.xml with hr=0x80070003
2019-12-26 06:53:52, Info                         [CloudExperienceHostBroker.exe] Failed to load oobe.xml file at C:\Windows\system32\oobe\info\default\oobe.xml with hr=0x80070003
2019-12-26 06:53:52, Info                         [CloudExperienceHostBroker.exe] Failed to load oobe.xml file at C:\Windows\system32\oobe\info\113\oobe.xml with hr=0x80070003
2019-12-26 06:53:52, Info                         [CloudExperienceHostBroker.exe] Failed to load oobe.xml file at C:\Windows\system32\oobe\info\default\1033\oobe.xml with hr=0x80070003
2019-12-26 06:53:52, Info                         [CloudExperienceHostBroker.exe] Failed to load oobe.xml file at C:\Windows\system32\oobe\info\113\1033\oobe.xml with hr=0x80070003
2019-12-26 06:54:08, Info                         [taskhostw.exe] OOBE Monitor task stopped
2019-12-26 06:55:34, Info                         [svchost.exe] Enter WinReIsWimBootEnabled
2019-12-26 06:55:34, Info                         [svchost.exe] Parameters: pszWinDir: NULL
2019-12-26 06:55:34, Info                         [svchost.exe] Exit WinReIsWimBootEnabled returns 0 with last error: 0x0
2019-12-26 06:55:53, Info                         [taskhostw.exe] OOBE Monitor task background thread started
2019-12-26 06:55:53, Info                         [taskhostw.exe] OOBE Monitor event received: 102
2019-12-26 06:56:26, Info                         [taskhostw.exe] OOBE Monitor event received: 103
2019-12-26 06:56:40, Info                         [taskhostw.exe] OOBE Monitor event received: 104
2019-12-26 06:58:02, Info                         [CloudExperienceHostBroker.exe] Not setting autologon since this is an upgrade or the machine is domain-joined.
2019-12-26 06:58:15, Info                         [CloudExperienceHostBroker.exe] ProtectPC Task - setting Enabled value to (1)
2019-12-26 06:58:15, Info                         [CloudExperienceHostBroker.exe] ProtectPC Task - setting SensorPermissionState value to (1)
2019-12-26 06:58:15, Info                         [CloudExperienceHostBroker.exe] ProtectPC Task - setting Status value to (1)
2019-12-26 06:58:15, Info                         [CloudExperienceHostBroker.exe] ProtectPC Task - setting LocationSyncEnabled value to (1)
2019-12-26 06:58:15, Info                         [CloudExperienceHostBroker.exe] ProtectPC Task - setting HasAccepted value to (1)
2019-12-26 06:58:15, Info                         [CloudExperienceHostBroker.exe] ProtectPC Task - setting Enabled value to (1)
2019-12-26 06:58:15, Info                         [CloudExperienceHostBroker.exe] ProtectPC Task - setting AllowTelemetry value to (3)
2019-12-26 06:58:15, Info                         [CloudExperienceHostBroker.exe] ProtectPC Task - Leaving default state in place for ShowedToastAtLevel value
2019-12-26 06:58:15, Info                         [CloudExperienceHostBroker.exe] ProtectPC Task - setting TailoredExperiencesWithDiagnosticDataEnabled value to (1)
2019-12-26 06:58:15, Info                         [CloudExperienceHostBroker.exe] ProtectPC Task - setting location capability to value Allow via CAM succeeded
2019-12-26 06:58:15, Info                         [CloudExperienceHostBroker.exe] ProtectPC Task - Leaving default state in place for (null) value
2019-12-26 06:58:15, Info                         [CloudExperienceHostBroker.exe] ProtectPC Task - setting Telemetry to value enabled via custom commit function succeeded with 0x0
2019-12-26 06:58:16, Info                         [CloudExperienceHostBroker.exe] Failed to load oobe.xml file at C:\Windows\system32\oobe\info\oobe.xml with hr=0x80070003
2019-12-26 06:58:16, Info                         [CloudExperienceHostBroker.exe] Failed to load oobe.xml file at C:\Windows\system32\oobe\info\default\oobe.xml with hr=0x80070003
2019-12-26 06:58:16, Info                         [CloudExperienceHostBroker.exe] Failed to load oobe.xml file at C:\Windows\system32\oobe\info\113\oobe.xml with hr=0x80070003
2019-12-26 06:58:16, Info                         [CloudExperienceHostBroker.exe] Failed to load oobe.xml file at C:\Windows\system32\oobe\info\default\1033\oobe.xml with hr=0x80070003
2019-12-26 06:58:16, Info                         [CloudExperienceHostBroker.exe] Failed to load oobe.xml file at C:\Windows\system32\oobe\info\113\1033\oobe.xml with hr=0x80070003
2019-12-26 06:58:16, Info                         [CloudExperienceHostBroker.exe] OEM registration: No title found - skipping any further oobe.xml OEM registration processing.
2019-12-26 06:58:27, Info                         [CloudExperienceHostBroker.exe] UserOOBEController::Exit() started [1]
2019-12-26 06:58:27, Info                         [taskhostw.exe] OOBE Monitor event received: 999
2019-12-26 17:41:54, Info                         [svchost.exe] Enter WinReIsWimBootEnabled
2019-12-26 17:41:54, Info                         [svchost.exe] Parameters: pszWinDir: NULL
2019-12-26 17:41:54, Info                         [svchost.exe] Exit WinReIsWimBootEnabled returns 0 with last error: 0x0
2019-12-26 17:56:09, Info                         [svchost.exe] Enter WinReIsWimBootEnabled
2019-12-26 17:56:09, Info                         [svchost.exe] Parameters: pszWinDir: NULL
2019-12-26 17:56:09, Info                         [svchost.exe] Exit WinReIsWimBootEnabled returns 0 with last error: 0x0
2019-12-29 17:40:34, Info                         [svchost.exe] Enter WinReIsWimBootEnabled
2019-12-29 17:40:34, Info                         [svchost.exe] Parameters: pszWinDir: NULL
2019-12-29 17:40:34, Info                         [svchost.exe] Exit WinReIsWimBootEnabled returns 0 with last error: 0x0
2020-01-01 19:56:34, Info                         [svchost.exe] Enter WinReIsWimBootEnabled
2020-01-01 19:56:34, Info                         [svchost.exe] Parameters: pszWinDir: NULL
2020-01-01 19:56:34, Info                         [svchost.exe] Exit WinReIsWimBootEnabled returns 0 with last error: 0x0
2020-01-13 22:07:21, Info                         [svchost.exe] Enter WinReIsWimBootEnabled
2020-01-13 22:07:22, Info                         [svchost.exe] Parameters: pszWinDir: NULL
2020-01-13 22:07:22, Info                         [svchost.exe] Exit WinReIsWimBootEnabled returns 0 with last error: 0x0
2020-01-13 22:46:53, Info                         [svchost.exe] Enter WinReIsWimBootEnabled
2020-01-13 22:46:54, Info                         [svchost.exe] Parameters: pszWinDir: NULL
2020-01-13 22:46:54, Info                         [svchost.exe] Exit WinReIsWimBootEnabled returns 0 with last error: 0x0
